<?xml version="1.0" encoding="UTF-8"?>
<!-- Generated by org.testng.reporters.JUnitReportReporter -->
<testsuite skipped="0" hostname="DESKTOP-U7QIFE3" name="com.backbase.computerdb.test.ComputerDataBaseTest" tests="5" failures="0" timestamp="14 Feb 2019 18:55:30 GMT" time="5.638" errors="0">
  <testcase name="validateHomePage" time="0.137" classname="com.backbase.computerdb.test.ComputerDataBaseTest"/>
  <testcase name="createComputer" time="1.284" classname="com.backbase.computerdb.test.ComputerDataBaseTest"/>
  <testcase name="editComputer" time="1.656" classname="com.backbase.computerdb.test.ComputerDataBaseTest"/>
  <testcase name="findByName" time="0.773" classname="com.backbase.computerdb.test.ComputerDataBaseTest"/>
  <testcase name="deleteTest" time="1.788" classname="com.backbase.computerdb.test.ComputerDataBaseTest"/>
</testsuite> <!-- com.backbase.computerdb.test.ComputerDataBaseTest -->
